<?xml version="1.0" encoding="UTF-8"?>
<!-- Generated by org.testng.reporters.JUnitReportReporter -->
<testsuite hostname="SateeshMunagala" name="com.jala.testsuites.LoginTest" tests="1" failures="0" timestamp="22 Apr 2018 17:20:14 GMT" time="1.759" errors="0">
  <testcase name="loginAdmin" time="1.759" classname="com.jala.testsuites.LoginTest"/>
</testsuite> <!-- com.jala.testsuites.LoginTest -->
